{"D:\\Documents\\GitHub\\projet_typeScript\\src\\Attack.ts": {"path":"D:\\Documents\\GitHub\\projet_typeScript\\src\\Attack.ts","statementMap":{"0":{"start":{"line":9,"column":8},"end":{"line":9,"column":25}},"1":{"start":{"line":10,"column":8},"end":{"line":10,"column":27}},"2":{"start":{"line":11,"column":8},"end":{"line":11,"column":29}},"3":{"start":{"line":12,"column":8},"end":{"line":12,"column":25}},"4":{"start":{"line":13,"column":8},"end":{"line":13,"column":33}},"5":{"start":{"line":1,"column":0},"end":{"line":1,"column":13}}},"fnMap":{"0":{"name":"(anonymous_0)","decl":{"start":{"line":8,"column":4},"end":{"line":8,"column":16}},"loc":{"start":{"line":8,"column":91},"end":{"line":14,"column":5}}}},"branchMap":{},"s":{"0":1,"1":1,"2":1,"3":1,"4":1,"5":1},"f":{"0":1},"b":{}}
,"D:\\Documents\\GitHub\\projet_typeScript\\src\\Battle.ts": {"path":"D:\\Documents\\GitHub\\projet_typeScript\\src\\Battle.ts","statementMap":{"0":{"start":{"line":2,"column":0},"end":{"line":2,"column":43}},"1":{"start":{"line":6,"column":8},"end":{"line":13,"column":null}},"2":{"start":{"line":7,"column":12},"end":{"line":7,"column":28}},"3":{"start":{"line":8,"column":15},"end":{"line":13,"column":null}},"4":{"start":{"line":9,"column":12},"end":{"line":9,"column":28}},"5":{"start":{"line":11,"column":25},"end":{"line":11,"column":43}},"6":{"start":{"line":12,"column":12},"end":{"line":12,"column":52}},"7":{"start":{"line":4,"column":0},"end":{"line":4,"column":13}}},"fnMap":{"0":{"name":"(anonymous_0)","decl":{"start":{"line":5,"column":4},"end":{"line":5,"column":10}},"loc":{"start":{"line":5,"column":59},"end":{"line":14,"column":5}}}},"branchMap":{"0":{"loc":{"start":{"line":6,"column":8},"end":{"line":13,"column":null}},"type":"if","locations":[{"start":{"line":6,"column":8},"end":{"line":13,"column":null}},{"start":{"line":6,"column":8},"end":{"line":13,"column":null}}]},"1":{"loc":{"start":{"line":8,"column":15},"end":{"line":13,"column":null}},"type":"if","locations":[{"start":{"line":8,"column":15},"end":{"line":13,"column":null}},{"start":{"line":8,"column":15},"end":{"line":13,"column":null}}]},"2":{"loc":{"start":{"line":12,"column":32},"end":{"line":12,"column":40}},"type":"cond-expr","locations":[{"start":{"line":12,"column":32},"end":{"line":12,"column":40}},{"start":{"line":12,"column":43},"end":{"line":12,"column":51}}]}},"s":{"0":1,"1":2,"2":2,"3":0,"4":0,"5":0,"6":0,"7":1},"f":{"0":2},"b":{"0":[2,0],"1":[0,0],"2":[0,0]}}
,"D:\\Documents\\GitHub\\projet_typeScript\\src\\Pokemon.ts": {"path":"D:\\Documents\\GitHub\\projet_typeScript\\src\\Pokemon.ts","statementMap":{"0":{"start":{"line":1,"column":0},"end":{"line":1,"column":43}},"1":{"start":{"line":18,"column":8},"end":{"line":18,"column":25}},"2":{"start":{"line":19,"column":8},"end":{"line":19,"column":27}},"3":{"start":{"line":20,"column":8},"end":{"line":20,"column":25}},"4":{"start":{"line":21,"column":8},"end":{"line":21,"column":21}},"5":{"start":{"line":22,"column":8},"end":{"line":22,"column":39}},"6":{"start":{"line":23,"column":8},"end":{"line":23,"column":41}},"7":{"start":{"line":24,"column":8},"end":{"line":24,"column":27}},"8":{"start":{"line":25,"column":8},"end":{"line":25,"column":27}},"9":{"start":{"line":26,"column":8},"end":{"line":26,"column":32}},"10":{"start":{"line":27,"column":8},"end":{"line":27,"column":34}},"11":{"start":{"line":32,"column":8},"end":{"line":36,"column":null}},"12":{"start":{"line":34,"column":27},"end":{"line":34,"column":160}},"13":{"start":{"line":35,"column":12},"end":{"line":35,"column":32}},"14":{"start":{"line":40,"column":8},"end":{"line":40,"column":55}},"15":{"start":{"line":4,"column":0},"end":{"line":4,"column":13}}},"fnMap":{"0":{"name":"(anonymous_0)","decl":{"start":{"line":17,"column":4},"end":{"line":17,"column":16}},"loc":{"start":{"line":17,"column":160},"end":{"line":29,"column":5}}},"1":{"name":"(anonymous_1)","decl":{"start":{"line":31,"column":4},"end":{"line":31,"column":10}},"loc":{"start":{"line":31,"column":56},"end":{"line":37,"column":5}}},"2":{"name":"(anonymous_2)","decl":{"start":{"line":39,"column":4},"end":{"line":39,"column":12}},"loc":{"start":{"line":39,"column":27},"end":{"line":41,"column":5}}}},"branchMap":{"0":{"loc":{"start":{"line":32,"column":8},"end":{"line":36,"column":null}},"type":"if","locations":[{"start":{"line":32,"column":8},"end":{"line":36,"column":null}},{"start":{"line":32,"column":8},"end":{"line":36,"column":null}}]}},"s":{"0":1,"1":3,"2":3,"3":3,"4":3,"5":3,"6":3,"7":3,"8":3,"9":3,"10":3,"11":3,"12":2,"13":2,"14":0,"15":1},"f":{"0":3,"1":3,"2":0},"b":{"0":[2,1]}}
,"D:\\Documents\\GitHub\\projet_typeScript\\src\\function.ts": {"path":"D:\\Documents\\GitHub\\projet_typeScript\\src\\function.ts","statementMap":{"0":{"start":{"line":2,"column":4},"end":{"line":2,"column":59}},"1":{"start":{"line":1,"column":0},"end":{"line":1,"column":16}}},"fnMap":{"0":{"name":"getRandomNumber","decl":{"start":{"line":1,"column":16},"end":{"line":1,"column":31}},"loc":{"start":{"line":1,"column":47},"end":{"line":3,"column":1}}}},"branchMap":{},"s":{"0":0,"1":1},"f":{"0":0},"b":{}}
}
