TN:
SF:src\Attack.ts
FN:8,(anonymous_0)
FNF:1
FNH:1
FNDA:1,(anonymous_0)
DA:1,1
DA:9,1
DA:10,1
DA:11,1
DA:12,1
DA:13,1
LF:6
LH:6
BRF:0
BRH:0
end_of_record
TN:
SF:src\Battle.ts
FN:5,(anonymous_0)
FNF:1
FNH:1
FNDA:2,(anonymous_0)
DA:2,1
DA:4,1
DA:6,2
DA:7,2
DA:8,0
DA:9,0
DA:11,0
DA:12,0
LF:8
LH:4
BRDA:6,0,0,2
BRDA:6,0,1,0
BRDA:8,1,0,0
BRDA:8,1,1,0
BRDA:12,2,0,0
BRDA:12,2,1,0
BRF:6
BRH:1
end_of_record
TN:
SF:src\Pokemon.ts
FN:17,(anonymous_0)
FN:31,(anonymous_1)
FN:39,(anonymous_2)
FNF:3
FNH:2
FNDA:3,(anonymous_0)
FNDA:3,(anonymous_1)
FNDA:0,(anonymous_2)
DA:1,1
DA:4,1
DA:18,3
DA:19,3
DA:20,3
DA:21,3
DA:22,3
DA:23,3
DA:24,3
DA:25,3
DA:26,3
DA:27,3
DA:32,3
DA:34,2
DA:35,2
DA:40,0
LF:16
LH:15
BRDA:32,0,0,2
BRDA:32,0,1,1
BRF:2
BRH:2
end_of_record
TN:
SF:src\function.ts
FN:1,getRandomNumber
FNF:1
FNH:0
FNDA:0,getRandomNumber
DA:1,1
DA:2,0
LF:2
LH:1
BRF:0
BRH:0
end_of_record
